c:\users\destructicator\source\repos\quest2\debug\vc142.pdb
c:\users\destructicator\source\repos\quest2\debug\vc142.idb
c:\users\destructicator\source\repos\quest2\debug\main.obj
c:\users\destructicator\source\repos\quest2\debug\database.obj
c:\users\destructicator\source\repos\quest2\debug\account.obj
c:\users\destructicator\source\repos\quest2\debug\interactions.obj
c:\users\destructicator\source\repos\quest2\debug\main.obj.enc
c:\users\destructicator\source\repos\quest2\debug\quest2.pdb
c:\users\destructicator\source\repos\quest2\debug\quest2.tlog\cl.command.1.tlog
c:\users\destructicator\source\repos\quest2\debug\quest2.tlog\cl.read.1.tlog
c:\users\destructicator\source\repos\quest2\debug\quest2.tlog\cl.write.1.tlog
c:\users\destructicator\source\repos\quest2\debug\quest2.tlog\link.25748-cvtres.read.1.tlog
c:\users\destructicator\source\repos\quest2\debug\quest2.tlog\link.25748-cvtres.write.1.tlog
c:\users\destructicator\source\repos\quest2\debug\quest2.tlog\link.25748-rc.read.1.tlog
c:\users\destructicator\source\repos\quest2\debug\quest2.tlog\link.25748-rc.write.1.tlog
c:\users\destructicator\source\repos\quest2\debug\quest2.tlog\link.25748.read.1.tlog
c:\users\destructicator\source\repos\quest2\debug\quest2.tlog\link.25748.write.1.tlog
c:\users\destructicator\source\repos\quest2\debug\quest2.tlog\link.command.1.tlog
c:\users\destructicator\source\repos\quest2\debug\quest2.tlog\link.read.1.tlog
c:\users\destructicator\source\repos\quest2\debug\quest2.tlog\link.write.1.tlog
